<?xml version="1.0" encoding="UTF-8"?>
<testsuite xmlns:xsi="http://www.w3.org/2001/XMLSchema-instance" xsi:noNamespaceSchemaLocation="https://maven.apache.org/surefire/maven-surefire-plugin/xsd/surefire-test-report.xsd" name="courier.CourierLoginParameterizedTest" time="2.428" tests="3" errors="0" skipped="0" failures="0">
  <properties>
[...]
</properties>
  <testcase name="courierCanNotBeLogin[0]" classname="courier.CourierLoginParameterizedTest" time="0.852"/>
  <testcase name="courierCanNotBeLogin[1]" classname="courier.CourierLoginParameterizedTest" time="0.75"/>
  <testcase name="courierCanNotBeLogin[2]" classname="courier.CourierLoginParameterizedTest" time="0.764"/>
</testsuite>